<?xml version="1.0" encoding="UTF-8"?>
<!-- Generated by org.testng.reporters.JUnitReportReporter -->
<testsuite hostname="DESKTOP-7F2FJBU" failures="0" tests="1" name="Appium.automation.AppiumBasics" time="26.412" errors="0" timestamp="2023-09-26T14:37:12 WIB" skipped="0">
  <testcase classname="Appium.automation.AppiumBasics" name="AppiumTest" time="26.412"/>
</testsuite> <!-- Appium.automation.AppiumBasics -->
