<?xml version="1.0" encoding="UTF-8"?>
<!-- Generated by org.testng.reporters.JUnitReportReporter -->
<testsuite hostname="DESKTOP-7F2FJBU" failures="0" tests="1" name="Appium.automation.BaseTest" time="26.029" errors="0" timestamp="2023-09-26T16:23:45 WIB" skipped="0">
  <testcase classname="Appium.automation.BaseTest" name="ConfigureAppium" time="26.029"/>
</testsuite> <!-- Appium.automation.BaseTest -->
